2020-01-18 06:24:15 WARNING (Recorder) [homeassistant.components.recorder] Ended unfinished session (id=25 from 2020-01-17 09:41:10.681065)
2020-01-18 06:24:20 ERROR (MainThread) [homeassistant.config] Invalid config for [automation]: expected str for dictionary value @ data['trigger'][0]['to']. Got None. (See /config/configuration.yaml, line 18). 
2020-01-18 06:24:27 WARNING (MainThread) [homeassistant.loader] You are using a custom integration for hacs which has not been tested by Home Assistant. This component might cause stability problems, be sure to disable it if you do experience issues with Home Assistant.
2020-01-18 06:24:36 ERROR (MainThread) [homeassistant.helpers.template] Error parsing value: 'value_json' is undefined (value: F60A9Eoff, template: {{value_json.RfReceived.Data}})
2020-01-18 06:24:46 ERROR (MainThread) [homeassistant.helpers.template] Error parsing value: 'value_json' is undefined (value: F60A9Eoff, template: {{value_json.RfReceived.Data}})
2020-01-18 06:25:32 ERROR (MainThread) [homeassistant.helpers.template] Error parsing value: 'value_json' is undefined (value: F60A9Eoff, template: {{value_json.RfReceived.Data}})
2020-01-18 06:25:49 ERROR (MainThread) [homeassistant.components.hassio] Invalid config for [automation]: expected str for dictionary value @ data['trigger'][0]['to']. Got None. (See /config/configuration.yaml, line 18). 
2020-01-18 06:26:40 ERROR (MainThread) [homeassistant.helpers.template] Error parsing value: 'value_json' is undefined (value: F60A9Eoff, template: {{value_json.RfReceived.Data}})
2020-01-18 06:26:50 ERROR (MainThread) [homeassistant.helpers.template] Error parsing value: 'value_json' is undefined (value: F60A9Eoff, template: {{value_json.RfReceived.Data}})
2020-01-18 06:27:10 ERROR (MainThread) [homeassistant.helpers.template] Error parsing value: 'value_json' is undefined (value: F60A9Eoff, template: {{value_json.RfReceived.Data}})
2020-01-18 06:27:50 ERROR (MainThread) [homeassistant.helpers.template] Error parsing value: 'value_json' is undefined (value: F60A9Eoff, template: {{value_json.RfReceived.Data}})
2020-01-18 06:28:03 ERROR (MainThread) [homeassistant.helpers.template] Error parsing value: 'value_json' is undefined (value: F60A9Eoff, template: {{value_json.RfReceived.Data}})
2020-01-18 06:28:21 ERROR (MainThread) [homeassistant.helpers.template] Error parsing value: 'value_json' is undefined (value: F60A9Eoff, template: {{value_json.RfReceived.Data}})
2020-01-18 06:28:45 ERROR (MainThread) [homeassistant.helpers.template] Error parsing value: 'value_json' is undefined (value: F60A9Eoff, template: {{value_json.RfReceived.Data}})
2020-01-18 06:28:54 ERROR (MainThread) [homeassistant.helpers.template] Error parsing value: 'value_json' is undefined (value: F60A9Eoff, template: {{value_json.RfReceived.Data}})
2020-01-18 06:29:06 ERROR (MainThread) [homeassistant.helpers.template] Error parsing value: 'value_json' is undefined (value: F60A9Eoff, template: {{value_json.RfReceived.Data}})
2020-01-18 06:29:14 ERROR (MainThread) [homeassistant.helpers.template] Error parsing value: 'value_json' is undefined (value: F60A9Eoff, template: {{value_json.RfReceived.Data}})
2020-01-18 06:29:24 ERROR (MainThread) [homeassistant.helpers.template] Error parsing value: 'value_json' is undefined (value: F60A9Eoff, template: {{value_json.RfReceived.Data}})
2020-01-18 06:29:38 ERROR (MainThread) [homeassistant.helpers.template] Error parsing value: 'value_json' is undefined (value: F60A9Eoff, template: {{value_json.RfReceived.Data}})
2020-01-18 06:29:44 ERROR (MainThread) [homeassistant.helpers.template] Error parsing value: 'value_json' is undefined (value: F60A9Eoff, template: {{value_json.RfReceived.Data}})
2020-01-18 06:29:55 ERROR (MainThread) [homeassistant.helpers.template] Error parsing value: 'value_json' is undefined (value: F60A9Eoff, template: {{value_json.RfReceived.Data}})
2020-01-18 06:30:03 ERROR (MainThread) [homeassistant.helpers.template] Error parsing value: 'value_json' is undefined (value: F60A9Eoff, template: {{value_json.RfReceived.Data}})
2020-01-18 06:30:14 ERROR (MainThread) [homeassistant.helpers.template] Error parsing value: 'value_json' is undefined (value: F60A9Eoff, template: {{value_json.RfReceived.Data}})
2020-01-18 06:30:34 ERROR (MainThread) [homeassistant.helpers.template] Error parsing value: 'value_json' is undefined (value: F60A9Eoff, template: {{value_json.RfReceived.Data}})
2020-01-18 06:30:42 ERROR (MainThread) [homeassistant.helpers.template] Error parsing value: 'value_json' is undefined (value: F60A9Eoff, template: {{value_json.RfReceived.Data}})
2020-01-18 06:30:58 ERROR (MainThread) [homeassistant.helpers.template] Error parsing value: 'value_json' is undefined (value: F60A9Eoff, template: {{value_json.RfReceived.Data}})
2020-01-18 06:31:23 ERROR (MainThread) [homeassistant.helpers.template] Error parsing value: 'value_json' is undefined (value: F60A9Eoff, template: {{value_json.RfReceived.Data}})
2020-01-18 06:31:31 ERROR (MainThread) [homeassistant.helpers.template] Error parsing value: 'value_json' is undefined (value: F60A9Eoff, template: {{value_json.RfReceived.Data}})
2020-01-18 06:31:37 ERROR (MainThread) [homeassistant.helpers.template] Error parsing value: 'value_json' is undefined (value: F60A9Eoff, template: {{value_json.RfReceived.Data}})
2020-01-18 06:31:47 ERROR (MainThread) [homeassistant.helpers.template] Error parsing value: 'value_json' is undefined (value: F60A9Eoff, template: {{value_json.RfReceived.Data}})
2020-01-18 06:31:54 ERROR (MainThread) [homeassistant.helpers.template] Error parsing value: 'value_json' is undefined (value: F60A9Eoff, template: {{value_json.RfReceived.Data}})
2020-01-18 06:32:09 ERROR (MainThread) [homeassistant.helpers.template] Error parsing value: 'value_json' is undefined (value: F60A9Eoff, template: {{value_json.RfReceived.Data}})
2020-01-18 06:32:19 ERROR (MainThread) [homeassistant.helpers.template] Error parsing value: 'value_json' is undefined (value: F60A9Eoff, template: {{value_json.RfReceived.Data}})
2020-01-18 06:32:27 ERROR (MainThread) [homeassistant.helpers.template] Error parsing value: 'value_json' is undefined (value: F60A9Eoff, template: {{value_json.RfReceived.Data}})
2020-01-18 06:32:34 ERROR (MainThread) [homeassistant.helpers.template] Error parsing value: 'value_json' is undefined (value: F60A9Eoff, template: {{value_json.RfReceived.Data}})
2020-01-18 06:32:40 ERROR (MainThread) [homeassistant.helpers.template] Error parsing value: 'value_json' is undefined (value: F60A9Eoff, template: {{value_json.RfReceived.Data}})
2020-01-18 06:32:48 ERROR (MainThread) [homeassistant.helpers.template] Error parsing value: 'value_json' is undefined (value: F60A9Eoff, template: {{value_json.RfReceived.Data}})
2020-01-18 06:32:56 ERROR (MainThread) [homeassistant.helpers.template] Error parsing value: 'value_json' is undefined (value: F60A9Eoff, template: {{value_json.RfReceived.Data}})
2020-01-18 06:33:07 ERROR (MainThread) [homeassistant.helpers.template] Error parsing value: 'value_json' is undefined (value: F60A9Eoff, template: {{value_json.RfReceived.Data}})
2020-01-18 06:33:15 ERROR (MainThread) [homeassistant.helpers.template] Error parsing value: 'value_json' is undefined (value: F60A9Eoff, template: {{value_json.RfReceived.Data}})
2020-01-18 06:33:35 ERROR (MainThread) [homeassistant.helpers.template] Error parsing value: 'value_json' is undefined (value: F60A9Eoff, template: {{value_json.RfReceived.Data}})
2020-01-18 06:33:44 ERROR (MainThread) [homeassistant.helpers.template] Error parsing value: 'value_json' is undefined (value: F60A9Eoff, template: {{value_json.RfReceived.Data}})
2020-01-18 06:33:53 ERROR (MainThread) [homeassistant.helpers.template] Error parsing value: 'value_json' is undefined (value: F60A9Eoff, template: {{value_json.RfReceived.Data}})
2020-01-18 06:34:35 ERROR (MainThread) [homeassistant.helpers.template] Error parsing value: 'value_json' is undefined (value: F60A9Eoff, template: {{value_json.RfReceived.Data}})
2020-01-18 06:34:43 ERROR (MainThread) [homeassistant.helpers.template] Error parsing value: 'value_json' is undefined (value: F60A9Eoff, template: {{value_json.RfReceived.Data}})
2020-01-18 06:35:48 ERROR (MainThread) [homeassistant.helpers.template] Error parsing value: 'value_json' is undefined (value: F60A9Eoff, template: {{value_json.RfReceived.Data}})
2020-01-18 06:35:58 ERROR (MainThread) [homeassistant.helpers.template] Error parsing value: 'value_json' is undefined (value: F60A9Eoff, template: {{value_json.RfReceived.Data}})
2020-01-18 06:36:06 ERROR (MainThread) [homeassistant.helpers.template] Error parsing value: 'value_json' is undefined (value: F60A9Eoff, template: {{value_json.RfReceived.Data}})
2020-01-18 06:36:13 ERROR (MainThread) [homeassistant.helpers.template] Error parsing value: 'value_json' is undefined (value: F60A9Eoff, template: {{value_json.RfReceived.Data}})
2020-01-18 06:36:23 ERROR (MainThread) [homeassistant.helpers.template] Error parsing value: 'value_json' is undefined (value: F60A9Eoff, template: {{value_json.RfReceived.Data}})
2020-01-18 06:36:30 ERROR (MainThread) [homeassistant.helpers.template] Error parsing value: 'value_json' is undefined (value: F60A9Eoff, template: {{value_json.RfReceived.Data}})
2020-01-18 06:39:17 ERROR (MainThread) [homeassistant.helpers.template] Error parsing value: 'value_json' is undefined (value: F60A9Eoff, template: {{value_json.RfReceived.Data}})
2020-01-18 06:39:24 ERROR (MainThread) [homeassistant.helpers.template] Error parsing value: 'value_json' is undefined (value: F60A9Eoff, template: {{value_json.RfReceived.Data}})
2020-01-18 06:39:31 ERROR (MainThread) [homeassistant.helpers.template] Error parsing value: 'value_json' is undefined (value: F60A9Eoff, template: {{value_json.RfReceived.Data}})
2020-01-18 06:39:37 ERROR (MainThread) [homeassistant.helpers.template] Error parsing value: 'value_json' is undefined (value: F60A9Eoff, template: {{value_json.RfReceived.Data}})
2020-01-18 06:39:43 ERROR (MainThread) [homeassistant.helpers.template] Error parsing value: 'value_json' is undefined (value: F60A9Eoff, template: {{value_json.RfReceived.Data}})
2020-01-18 06:40:13 ERROR (MainThread) [homeassistant.helpers.template] Error parsing value: 'value_json' is undefined (value: F60A9Eoff, template: {{value_json.RfReceived.Data}})
2020-01-18 06:40:40 ERROR (MainThread) [homeassistant.helpers.template] Error parsing value: 'value_json' is undefined (value: F60A9Eoff, template: {{value_json.RfReceived.Data}})
2020-01-18 06:40:47 ERROR (MainThread) [homeassistant.helpers.template] Error parsing value: 'value_json' is undefined (value: F60A9Eoff, template: {{value_json.RfReceived.Data}})
2020-01-18 06:40:57 ERROR (MainThread) [homeassistant.helpers.template] Error parsing value: 'value_json' is undefined (value: F60A9Eoff, template: {{value_json.RfReceived.Data}})
2020-01-18 06:41:18 ERROR (MainThread) [homeassistant.helpers.template] Error parsing value: 'value_json' is undefined (value: F60A9Eoff, template: {{value_json.RfReceived.Data}})
2020-01-18 06:42:45 ERROR (MainThread) [homeassistant.helpers.template] Error parsing value: 'value_json' is undefined (value: F60A9Eoff, template: {{value_json.RfReceived.Data}})
2020-01-18 06:42:55 ERROR (MainThread) [homeassistant.helpers.template] Error parsing value: 'value_json' is undefined (value: F60A9Eoff, template: {{value_json.RfReceived.Data}})
2020-01-18 06:43:24 ERROR (MainThread) [homeassistant.helpers.template] Error parsing value: 'value_json' is undefined (value: F60A9Eoff, template: {{value_json.RfReceived.Data}})
2020-01-18 06:43:49 ERROR (MainThread) [homeassistant.helpers.template] Error parsing value: 'value_json' is undefined (value: F60A9Eoff, template: {{value_json.RfReceived.Data}})
2020-01-18 06:44:44 ERROR (MainThread) [homeassistant.helpers.template] Error parsing value: 'value_json' is undefined (value: F60A9Eoff, template: {{value_json.RfReceived.Data}})
2020-01-18 06:45:39 ERROR (MainThread) [homeassistant.helpers.template] Error parsing value: 'value_json' is undefined (value: F60A9Eoff, template: {{value_json.RfReceived.Data}})
2020-01-18 06:45:57 ERROR (MainThread) [homeassistant.helpers.template] Error parsing value: 'value_json' is undefined (value: F60A9Eoff, template: {{value_json.RfReceived.Data}})
2020-01-18 06:46:04 ERROR (MainThread) [homeassistant.helpers.template] Error parsing value: 'value_json' is undefined (value: F60A9Eoff, template: {{value_json.RfReceived.Data}})
2020-01-18 06:46:27 ERROR (MainThread) [homeassistant.helpers.template] Error parsing value: 'value_json' is undefined (value: F60A9Eoff, template: {{value_json.RfReceived.Data}})
2020-01-18 06:46:33 ERROR (MainThread) [homeassistant.helpers.template] Error parsing value: 'value_json' is undefined (value: F60A9Eoff, template: {{value_json.RfReceived.Data}})
2020-01-18 06:46:43 ERROR (MainThread) [homeassistant.helpers.template] Error parsing value: 'value_json' is undefined (value: F60A9Eoff, template: {{value_json.RfReceived.Data}})
2020-01-18 06:46:49 ERROR (MainThread) [homeassistant.helpers.template] Error parsing value: 'value_json' is undefined (value: F60A9Eoff, template: {{value_json.RfReceived.Data}})
2020-01-18 06:46:56 ERROR (MainThread) [homeassistant.helpers.template] Error parsing value: 'value_json' is undefined (value: F60A9Eoff, template: {{value_json.RfReceived.Data}})
2020-01-18 06:47:07 ERROR (MainThread) [homeassistant.helpers.template] Error parsing value: 'value_json' is undefined (value: F60A9Eoff, template: {{value_json.RfReceived.Data}})
2020-01-18 06:47:28 ERROR (MainThread) [aioharmony.hubconnector] 192.168.178.24: Connection timed out for hub 10963767
2020-01-18 06:47:57 ERROR (MainThread) [homeassistant.helpers.template] Error parsing value: 'value_json' is undefined (value: F60A9Eoff, template: {{value_json.RfReceived.Data}})
2020-01-18 06:49:39 ERROR (MainThread) [homeassistant.helpers.template] Error parsing value: 'value_json' is undefined (value: F60A9Eoff, template: {{value_json.RfReceived.Data}})
2020-01-18 06:50:12 ERROR (MainThread) [homeassistant.helpers.template] Error parsing value: 'value_json' is undefined (value: F60A9Eoff, template: {{value_json.RfReceived.Data}})
2020-01-18 06:52:26 ERROR (MainThread) [homeassistant.helpers.template] Error parsing value: 'value_json' is undefined (value: F60A9Eoff, template: {{value_json.RfReceived.Data}})
2020-01-18 06:52:41 ERROR (MainThread) [homeassistant.helpers.template] Error parsing value: 'value_json' is undefined (value: F60A9Eoff, template: {{value_json.RfReceived.Data}})
2020-01-18 06:52:53 ERROR (MainThread) [homeassistant.helpers.template] Error parsing value: 'value_json' is undefined (value: F60A9Eoff, template: {{value_json.RfReceived.Data}})
2020-01-18 06:53:03 ERROR (MainThread) [homeassistant.helpers.template] Error parsing value: 'value_json' is undefined (value: F60A9Eoff, template: {{value_json.RfReceived.Data}})
2020-01-18 06:53:14 ERROR (MainThread) [homeassistant.helpers.template] Error parsing value: 'value_json' is undefined (value: F60A9Eoff, template: {{value_json.RfReceived.Data}})
2020-01-18 06:53:32 ERROR (MainThread) [homeassistant.helpers.template] Error parsing value: 'value_json' is undefined (value: F60A9Eoff, template: {{value_json.RfReceived.Data}})
2020-01-18 06:53:39 ERROR (MainThread) [homeassistant.helpers.template] Error parsing value: 'value_json' is undefined (value: F60A9Eoff, template: {{value_json.RfReceived.Data}})
2020-01-18 06:53:52 ERROR (MainThread) [homeassistant.helpers.template] Error parsing value: 'value_json' is undefined (value: F60A9Eoff, template: {{value_json.RfReceived.Data}})
2020-01-18 06:54:57 ERROR (MainThread) [homeassistant.helpers.template] Error parsing value: 'value_json' is undefined (value: F60A9Eoff, template: {{value_json.RfReceived.Data}})
2020-01-18 06:55:05 ERROR (MainThread) [homeassistant.helpers.template] Error parsing value: 'value_json' is undefined (value: F60A9Eoff, template: {{value_json.RfReceived.Data}})
2020-01-18 06:56:07 ERROR (MainThread) [homeassistant.helpers.template] Error parsing value: 'value_json' is undefined (value: F60A9Eoff, template: {{value_json.RfReceived.Data}})
2020-01-18 06:56:29 ERROR (MainThread) [homeassistant.helpers.template] Error parsing value: 'value_json' is undefined (value: F60A9Eoff, template: {{value_json.RfReceived.Data}})
2020-01-18 06:56:51 ERROR (MainThread) [homeassistant.helpers.template] Error parsing value: 'value_json' is undefined (value: F60A9Eoff, template: {{value_json.RfReceived.Data}})
2020-01-18 06:57:04 ERROR (MainThread) [homeassistant.helpers.template] Error parsing value: 'value_json' is undefined (value: F60A9Eoff, template: {{value_json.RfReceived.Data}})
2020-01-18 06:58:11 ERROR (MainThread) [homeassistant.helpers.template] Error parsing value: 'value_json' is undefined (value: F60A9Eoff, template: {{value_json.RfReceived.Data}})
2020-01-18 06:58:50 ERROR (MainThread) [homeassistant.helpers.template] Error parsing value: 'value_json' is undefined (value: F60A9Eoff, template: {{value_json.RfReceived.Data}})
2020-01-18 06:59:48 ERROR (MainThread) [homeassistant.helpers.template] Error parsing value: 'value_json' is undefined (value: F60A9Eoff, template: {{value_json.RfReceived.Data}})
2020-01-18 07:01:28 ERROR (MainThread) [homeassistant.helpers.template] Error parsing value: 'value_json' is undefined (value: F60A9Eoff, template: {{value_json.RfReceived.Data}})
2020-01-18 07:01:35 ERROR (MainThread) [homeassistant.helpers.template] Error parsing value: 'value_json' is undefined (value: F60A9Eoff, template: {{value_json.RfReceived.Data}})
2020-01-18 07:02:16 ERROR (MainThread) [homeassistant.helpers.template] Error parsing value: 'value_json' is undefined (value: F60A9Eoff, template: {{value_json.RfReceived.Data}})
2020-01-18 07:03:03 ERROR (MainThread) [homeassistant.helpers.template] Error parsing value: 'value_json' is undefined (value: F60A9Eoff, template: {{value_json.RfReceived.Data}})
2020-01-18 07:03:20 ERROR (MainThread) [homeassistant.helpers.template] Error parsing value: 'value_json' is undefined (value: F60A9Eoff, template: {{value_json.RfReceived.Data}})
2020-01-18 07:03:29 ERROR (MainThread) [homeassistant.helpers.template] Error parsing value: 'value_json' is undefined (value: F60A9Eoff, template: {{value_json.RfReceived.Data}})
2020-01-18 07:03:55 ERROR (MainThread) [homeassistant.helpers.template] Error parsing value: 'value_json' is undefined (value: F60A9Eoff, template: {{value_json.RfReceived.Data}})
2020-01-18 07:04:11 ERROR (MainThread) [homeassistant.helpers.template] Error parsing value: 'value_json' is undefined (value: F60A9Eoff, template: {{value_json.RfReceived.Data}})
2020-01-18 07:04:29 ERROR (MainThread) [homeassistant.helpers.template] Error parsing value: 'value_json' is undefined (value: F60A9Eoff, template: {{value_json.RfReceived.Data}})
2020-01-18 07:04:35 ERROR (MainThread) [homeassistant.helpers.template] Error parsing value: 'value_json' is undefined (value: F60A9Eoff, template: {{value_json.RfReceived.Data}})
2020-01-18 07:04:45 ERROR (MainThread) [homeassistant.helpers.template] Error parsing value: 'value_json' is undefined (value: F60A9Eoff, template: {{value_json.RfReceived.Data}})
2020-01-18 07:05:05 ERROR (MainThread) [homeassistant.helpers.template] Error parsing value: 'value_json' is undefined (value: F60A9Eoff, template: {{value_json.RfReceived.Data}})
2020-01-18 07:05:11 ERROR (MainThread) [homeassistant.helpers.template] Error parsing value: 'value_json' is undefined (value: F60A9Eoff, template: {{value_json.RfReceived.Data}})
2020-01-18 07:05:19 ERROR (MainThread) [homeassistant.helpers.template] Error parsing value: 'value_json' is undefined (value: F60A9Eoff, template: {{value_json.RfReceived.Data}})
2020-01-18 07:05:27 ERROR (MainThread) [homeassistant.helpers.template] Error parsing value: 'value_json' is undefined (value: F60A9Eoff, template: {{value_json.RfReceived.Data}})
2020-01-18 07:05:44 ERROR (MainThread) [homeassistant.helpers.template] Error parsing value: 'value_json' is undefined (value: F60A9Eoff, template: {{value_json.RfReceived.Data}})
2020-01-18 07:05:51 ERROR (MainThread) [homeassistant.helpers.template] Error parsing value: 'value_json' is undefined (value: F60A9Eoff, template: {{value_json.RfReceived.Data}})
2020-01-18 07:06:06 ERROR (MainThread) [homeassistant.helpers.template] Error parsing value: 'value_json' is undefined (value: F60A9Eoff, template: {{value_json.RfReceived.Data}})
2020-01-18 07:06:12 ERROR (MainThread) [homeassistant.helpers.template] Error parsing value: 'value_json' is undefined (value: F60A9Eoff, template: {{value_json.RfReceived.Data}})
2020-01-18 07:06:19 ERROR (MainThread) [homeassistant.helpers.template] Error parsing value: 'value_json' is undefined (value: F60A9Eoff, template: {{value_json.RfReceived.Data}})
2020-01-18 07:06:25 ERROR (MainThread) [homeassistant.helpers.template] Error parsing value: 'value_json' is undefined (value: F60A9Eoff, template: {{value_json.RfReceived.Data}})
2020-01-18 07:06:56 ERROR (MainThread) [homeassistant.helpers.template] Error parsing value: 'value_json' is undefined (value: F60A9Eoff, template: {{value_json.RfReceived.Data}})
2020-01-18 07:07:34 ERROR (MainThread) [homeassistant.helpers.template] Error parsing value: 'value_json' is undefined (value: F60A9Eoff, template: {{value_json.RfReceived.Data}})
2020-01-18 07:08:02 ERROR (MainThread) [homeassistant.helpers.template] Error parsing value: 'value_json' is undefined (value: F60A9Eoff, template: {{value_json.RfReceived.Data}})
2020-01-18 07:08:13 ERROR (MainThread) [homeassistant.helpers.template] Error parsing value: 'value_json' is undefined (value: F60A9Eoff, template: {{value_json.RfReceived.Data}})
2020-01-18 07:08:20 ERROR (MainThread) [homeassistant.helpers.template] Error parsing value: 'value_json' is undefined (value: F60A9Eoff, template: {{value_json.RfReceived.Data}})
2020-01-18 07:08:36 ERROR (MainThread) [homeassistant.helpers.template] Error parsing value: 'value_json' is undefined (value: F60A9Eoff, template: {{value_json.RfReceived.Data}})
